# JRE version: OpenJDK Runtime Environment (8.0_152-b06) (build 1.8.0_152-release-1136-b06)
# Java VM: OpenJDK 64-Bit Server VM (25.152-b06 mixed mode linux-amd64 compressed oops)
Heap:
 PSYoungGen      total 354816K, used 67054K [0x00000000e0000000, 0x0000000100000000, 0x0000000100000000)
  eden space 287744K, 0% used [0x00000000e0000000,0x00000000e0000000,0x00000000f1900000)
  from space 67072K, 99% used [0x00000000fbe80000,0x00000000ffffbb50,0x0000000100000000)
  to   space 118272K, 0% used [0x00000000f1900000,0x00000000f1900000,0x00000000f8c80000)
 ParOldGen       total 274432K, used 274382K [0x00000000a0000000, 0x00000000b0c00000, 0x00000000e0000000)
  object space 274432K, 99% used [0x00000000a0000000,0x00000000b0bf3a40,0x00000000b0c00000)
 Metaspace       used 91478K, capacity 96000K, committed 96128K, reserved 1132544K
  class space    used 11636K, capacity 12620K, committed 12672K, reserved 1048576K
GC Heap History (10 events):
Event: 131,613 GC heap after
Heap after GC invocations=26 (full 4):
 PSYoungGen      total 423936K, used 45055K [0x00000000e0000000, 0x0000000100000000, 0x0000000100000000)
  eden space 378880K, 0% used [0x00000000e0000000,0x00000000e0000000,0x00000000f7200000)
  from space 45056K, 99% used [0x00000000fd000000,0x00000000ffbfffb0,0x00000000ffc00000)
  to   space 72704K, 0% used [0x00000000f7200000,0x00000000f7200000,0x00000000fb900000)
 ParOldGen       total 234496K, used 143793K [0x00000000a0000000, 0x00000000ae500000, 0x00000000e0000000)
  object space 234496K, 61% used [0x00000000a0000000,0x00000000a8c6c648,0x00000000ae500000)
 Metaspace       used 80827K, capacity 84132K, committed 84480K, reserved 1122304K
  class space    used 10361K, capacity 11158K, committed 11264K, reserved 1048576K
}
Event: 138,255 GC heap before
{Heap before GC invocations=27 (full 4):
 PSYoungGen      total 423936K, used 423935K [0x00000000e0000000, 0x0000000100000000, 0x0000000100000000)
  eden space 378880K, 100% used [0x00000000e0000000,0x00000000f7200000,0x00000000f7200000)
  from space 45056K, 99% used [0x00000000fd000000,0x00000000ffbfffb0,0x00000000ffc00000)
  to   space 72704K, 0% used [0x00000000f7200000,0x00000000f7200000,0x00000000fb900000)
 ParOldGen       total 234496K, used 143793K [0x00000000a0000000, 0x00000000ae500000, 0x00000000e0000000)
  object space 234496K, 61% used [0x00000000a0000000,0x00000000a8c6c648,0x00000000ae500000)
 Metaspace       used 89930K, capacity 94406K, committed 94464K, reserved 1130496K
  class space    used 11546K, capacity 12519K, committed 12544K, reserved 1048576K
Event: 138,378 GC heap after
Heap after GC invocations=27 (full 4):
 PSYoungGen      total 451584K, used 30332K [0x00000000e0000000, 0x0000000100000000, 0x0000000100000000)
  eden space 378880K, 0% used [0x00000000e0000000,0x00000000e0000000,0x00000000f7200000)
  from space 72704K, 41% used [0x00000000f7200000,0x00000000f8f9f290,0x00000000fb900000)
  to   space 69632K, 0% used [0x00000000fbc00000,0x00000000fbc00000,0x0000000100000000)
 ParOldGen       total 234496K, used 155829K [0x00000000a0000000, 0x00000000ae500000, 0x00000000e0000000)
  object space 234496K, 66% used [0x00000000a0000000,0x00000000a982d6b8,0x00000000ae500000)
 Metaspace       used 89930K, capacity 94406K, committed 94464K, reserved 1130496K
  class space    used 11546K, capacity 12519K, committed 12544K, reserved 1048576K
}
Event: 141,665 GC heap before
{Heap before GC invocations=28 (full 4):
 PSYoungGen      total 451584K, used 409212K [0x00000000e0000000, 0x0000000100000000, 0x0000000100000000)
  eden space 378880K, 100% used [0x00000000e0000000,0x00000000f7200000,0x00000000f7200000)
  from space 72704K, 41% used [0x00000000f7200000,0x00000000f8f9f290,0x00000000fb900000)
  to   space 69632K, 0% used [0x00000000fbc00000,0x00000000fbc00000,0x0000000100000000)
 ParOldGen       total 234496K, used 155829K [0x00000000a0000000, 0x00000000ae500000, 0x00000000e0000000)
  object space 234496K, 66% used [0x00000000a0000000,0x00000000a982d6b8,0x00000000ae500000)
 Metaspace       used 90534K, capacity 95024K, committed 95232K, reserved 1132544K
  class space    used 11563K, capacity 12534K, committed 12544K, reserved 1048576K
Event: 141,739 GC heap after
Heap after GC invocations=28 (full 4):
 PSYoungGen      total 446464K, used 7174K [0x00000000e0000000, 0x00000000ffb00000, 0x0000000100000000)
  eden space 381952K, 0% used [0x00000000e0000000,0x00000000e0000000,0x00000000f7500000)
  from space 64512K, 11% used [0x00000000fbc00000,0x00000000fc301a88,0x00000000ffb00000)
  to   space 68608K, 0% used [0x00000000f7500000,0x00000000f7500000,0x00000000fb800000)
 ParOldGen       total 234496K, used 166016K [0x00000000a0000000, 0x00000000ae500000, 0x00000000e0000000)
  object space 234496K, 70% used [0x00000000a0000000,0x00000000aa2203e0,0x00000000ae500000)
 Metaspace       used 90534K, capacity 95024K, committed 95232K, reserved 1132544K
  class space    used 11563K, capacity 12534K, committed 12544K, reserved 1048576K
}
Event: 149,170 GC heap before
{Heap before GC invocations=29 (full 4):
 PSYoungGen      total 446464K, used 389126K [0x00000000e0000000, 0x00000000ffb00000, 0x0000000100000000)
  eden space 381952K, 100% used [0x00000000e0000000,0x00000000f7500000,0x00000000f7500000)
  from space 64512K, 11% used [0x00000000fbc00000,0x00000000fc301a88,0x00000000ffb00000)
  to   space 68608K, 0% used [0x00000000f7500000,0x00000000f7500000,0x00000000fb800000)
 ParOldGen       total 234496K, used 166016K [0x00000000a0000000, 0x00000000ae500000, 0x00000000e0000000)
  object space 234496K, 70% used [0x00000000a0000000,0x00000000aa2203e0,0x00000000ae500000)
 Metaspace       used 90809K, capacity 95232K, committed 95488K, reserved 1132544K
  class space    used 11563K, capacity 12534K, committed 12544K, reserved 1048576K
Event: 149,208 GC heap after
Heap after GC invocations=29 (full 4):
 PSYoungGen      total 450560K, used 5962K [0x00000000e0000000, 0x0000000100000000, 0x0000000100000000)
  eden space 381952K, 0% used [0x00000000e0000000,0x00000000e0000000,0x00000000f7500000)
  from space 68608K, 8% used [0x00000000f7500000,0x00000000f7ad2b58,0x00000000fb800000)
  to   space 67072K, 0% used [0x00000000fbe80000,0x00000000fbe80000,0x0000000100000000)
 ParOldGen       total 234496K, used 168705K [0x00000000a0000000, 0x00000000ae500000, 0x00000000e0000000)
  object space 234496K, 71% used [0x00000000a0000000,0x00000000aa4c0638,0x00000000ae500000)
 Metaspace       used 90809K, capacity 95232K, committed 95488K, reserved 1132544K
  class space    used 11563K, capacity 12534K, committed 12544K, reserved 1048576K
}
Event: 153,983 GC heap before
{Heap before GC invocations=30 (full 4):
 PSYoungGen      total 450560K, used 387914K [0x00000000e0000000, 0x0000000100000000, 0x0000000100000000)
  eden space 381952K, 100% used [0x00000000e0000000,0x00000000f7500000,0x00000000f7500000)
  from space 68608K, 8% used [0x00000000f7500000,0x00000000f7ad2b58,0x00000000fb800000)
  to   space 67072K, 0% used [0x00000000fbe80000,0x00000000fbe80000,0x0000000100000000)
 ParOldGen       total 234496K, used 168705K [0x00000000a0000000, 0x00000000ae500000, 0x00000000e0000000)
  object space 234496K, 71% used [0x00000000a0000000,0x00000000aa4c0638,0x00000000ae500000)
 Metaspace       used 91478K, capacity 96000K, committed 96128K, reserved 1132544K
  class space    used 11636K, capacity 12620K, committed 12672K, reserved 1048576K
Event: 154,605 GC heap after
Heap after GC invocations=30 (full 4):
 PSYoungGen      total 354816K, used 67054K [0x00000000e0000000, 0x0000000100000000, 0x0000000100000000)
  eden space 287744K, 0% used [0x00000000e0000000,0x00000000e0000000,0x00000000f1900000)
  from space 67072K, 99% used [0x00000000fbe80000,0x00000000ffffbb50,0x0000000100000000)
  to   space 118272K, 0% used [0x00000000f1900000,0x00000000f1900000,0x00000000f8c80000)
 ParOldGen       total 274432K, used 274382K [0x00000000a0000000, 0x00000000b0c00000, 0x00000000e0000000)
  object space 274432K, 99% used [0x00000000a0000000,0x00000000b0bf3a40,0x00000000b0c00000)
 Metaspace       used 91478K, capacity 96000K, committed 96128K, reserved 1132544K
  class space    used 11636K, capacity 12620K, committed 12672K, reserved 1048576K
}
Event: 154,605 GC heap before
{Heap before GC invocations=31 (full 5):
 PSYoungGen      total 354816K, used 67054K [0x00000000e0000000, 0x0000000100000000, 0x0000000100000000)
  eden space 287744K, 0% used [0x00000000e0000000,0x00000000e0000000,0x00000000f1900000)
  from space 67072K, 99% used [0x00000000fbe80000,0x00000000ffffbb50,0x0000000100000000)
  to   space 118272K, 0% used [0x00000000f1900000,0x00000000f1900000,0x00000000f8c80000)
 ParOldGen       total 274432K, used 274382K [0x00000000a0000000, 0x00000000b0c00000, 0x00000000e0000000)
  object space 274432K, 99% used [0x00000000a0000000,0x00000000b0bf3a40,0x00000000b0c00000)
 Metaspace       used 91478K, capacity 96000K, committed 96128K, reserved 1132544K
  class space    used 11636K, capacity 12620K, committed 12672K, reserved 1048576K

