# JRE version: OpenJDK Runtime Environment (8.0_152-b06) (build 1.8.0_152-release-1136-b06)
# Java VM: OpenJDK 64-Bit Server VM (25.152-b06 mixed mode linux-amd64 compressed oops)
Heap:
 PSYoungGen      total 331776K, used 136827K [0x00000000e0000000, 0x00000000fec80000, 0x0000000100000000)
  eden space 182784K, 32% used [0x00000000e0000000,0x00000000e39a5618,0x00000000eb280000)
  from space 148992K, 52% used [0x00000000f5b00000,0x00000000fa6f9988,0x00000000fec80000)
  to   space 160768K, 0% used [0x00000000eb280000,0x00000000eb280000,0x00000000f4f80000)
 ParOldGen       total 541184K, used 310206K [0x00000000a0000000, 0x00000000c1080000, 0x00000000e0000000)
  object space 541184K, 57% used [0x00000000a0000000,0x00000000b2eefb40,0x00000000c1080000)
 Metaspace       used 140405K, capacity 150328K, committed 155392K, reserved 1183744K
  class space    used 16935K, capacity 18866K, committed 20480K, reserved 1048576K
GC Heap History (10 events):
Event: 8836,840 GC heap before
{Heap before GC invocations=156 (full 7):
 PSYoungGen      total 334336K, used 334309K [0x00000000e0000000, 0x0000000100000000, 0x0000000100000000)
  eden space 208896K, 100% used [0x00000000e0000000,0x00000000ecc00000,0x00000000ecc00000)
  from space 125440K, 99% used [0x00000000f8580000,0x00000000ffff9580,0x0000000100000000)
  to   space 157696K, 0% used [0x00000000ecc00000,0x00000000ecc00000,0x00000000f6600000)
 ParOldGen       total 462336K, used 367020K [0x00000000a0000000, 0x00000000bc380000, 0x00000000e0000000)
  object space 462336K, 79% used [0x00000000a0000000,0x00000000b666b350,0x00000000bc380000)
 Metaspace       used 140767K, capacity 151424K, committed 155392K, reserved 1183744K
  class space    used 17035K, capacity 19270K, committed 20480K, reserved 1048576K
Event: 8837,292 GC heap after
Heap after GC invocations=156 (full 7):
 PSYoungGen      total 363008K, used 154107K [0x00000000e0000000, 0x0000000100000000, 0x0000000100000000)
  eden space 208896K, 0% used [0x00000000e0000000,0x00000000e0000000,0x00000000ecc00000)
  from space 154112K, 99% used [0x00000000ecc00000,0x00000000f627ec28,0x00000000f6280000)
  to   space 161280K, 0% used [0x00000000f6280000,0x00000000f6280000,0x0000000100000000)
 ParOldGen       total 462336K, used 379239K [0x00000000a0000000, 0x00000000bc380000, 0x00000000e0000000)
  object space 462336K, 82% used [0x00000000a0000000,0x00000000b7259ee0,0x00000000bc380000)
 Metaspace       used 140767K, capacity 151424K, committed 155392K, reserved 1183744K
  class space    used 17035K, capacity 19270K, committed 20480K, reserved 1048576K
}
Event: 8838,857 GC heap before
{Heap before GC invocations=157 (full 7):
 PSYoungGen      total 363008K, used 363003K [0x00000000e0000000, 0x0000000100000000, 0x0000000100000000)
  eden space 208896K, 100% used [0x00000000e0000000,0x00000000ecc00000,0x00000000ecc00000)
  from space 154112K, 99% used [0x00000000ecc00000,0x00000000f627ec28,0x00000000f6280000)
  to   space 161280K, 0% used [0x00000000f6280000,0x00000000f6280000,0x0000000100000000)
 ParOldGen       total 462336K, used 379239K [0x00000000a0000000, 0x00000000bc380000, 0x00000000e0000000)
  object space 462336K, 82% used [0x00000000a0000000,0x00000000b7259ee0,0x00000000bc380000)
 Metaspace       used 140773K, capacity 151488K, committed 155392K, reserved 1183744K
  class space    used 17035K, capacity 19270K, committed 20480K, reserved 1048576K
Event: 8839,040 GC heap after
Heap after GC invocations=157 (full 7):
 PSYoungGen      total 336384K, used 32315K [0x00000000e0000000, 0x0000000100000000, 0x0000000100000000)
  eden space 175104K, 0% used [0x00000000e0000000,0x00000000e0000000,0x00000000eab00000)
  from space 161280K, 20% used [0x00000000f6280000,0x00000000f820ef88,0x0000000100000000)
  to   space 174592K, 0% used [0x00000000eab00000,0x00000000eab00000,0x00000000f5580000)
 ParOldGen       total 462336K, used 451814K [0x00000000a0000000, 0x00000000bc380000, 0x00000000e0000000)
  object space 462336K, 97% used [0x00000000a0000000,0x00000000bb939bb0,0x00000000bc380000)
 Metaspace       used 140773K, capacity 151488K, committed 155392K, reserved 1183744K
  class space    used 17035K, capacity 19270K, committed 20480K, reserved 1048576K
}
Event: 8839,040 GC heap before
{Heap before GC invocations=158 (full 8):
 PSYoungGen      total 336384K, used 32315K [0x00000000e0000000, 0x0000000100000000, 0x0000000100000000)
  eden space 175104K, 0% used [0x00000000e0000000,0x00000000e0000000,0x00000000eab00000)
  from space 161280K, 20% used [0x00000000f6280000,0x00000000f820ef88,0x0000000100000000)
  to   space 174592K, 0% used [0x00000000eab00000,0x00000000eab00000,0x00000000f5580000)
 ParOldGen       total 462336K, used 451814K [0x00000000a0000000, 0x00000000bc380000, 0x00000000e0000000)
  object space 462336K, 97% used [0x00000000a0000000,0x00000000bb939bb0,0x00000000bc380000)
 Metaspace       used 140773K, capacity 151488K, committed 155392K, reserved 1183744K
  class space    used 17035K, capacity 19270K, committed 20480K, reserved 1048576K
Event: 8841,523 GC heap after
Heap after GC invocations=158 (full 8):
 PSYoungGen      total 336384K, used 0K [0x00000000e0000000, 0x0000000100000000, 0x0000000100000000)
  eden space 175104K, 0% used [0x00000000e0000000,0x00000000e0000000,0x00000000eab00000)
  from space 161280K, 0% used [0x00000000f6280000,0x00000000f6280000,0x0000000100000000)
  to   space 174592K, 0% used [0x00000000eab00000,0x00000000eab00000,0x00000000f5580000)
 ParOldGen       total 541184K, used 261315K [0x00000000a0000000, 0x00000000c1080000, 0x00000000e0000000)
  object space 541184K, 48% used [0x00000000a0000000,0x00000000aff30d88,0x00000000c1080000)
 Metaspace       used 140400K, capacity 150264K, committed 155392K, reserved 1183744K
  class space    used 16935K, capacity 18866K, committed 20480K, reserved 1048576K
}
Event: 8842,861 GC heap before
{Heap before GC invocations=159 (full 8):
 PSYoungGen      total 336384K, used 175104K [0x00000000e0000000, 0x0000000100000000, 0x0000000100000000)
  eden space 175104K, 100% used [0x00000000e0000000,0x00000000eab00000,0x00000000eab00000)
  from space 161280K, 0% used [0x00000000f6280000,0x00000000f6280000,0x0000000100000000)
  to   space 174592K, 0% used [0x00000000eab00000,0x00000000eab00000,0x00000000f5580000)
 ParOldGen       total 541184K, used 261315K [0x00000000a0000000, 0x00000000c1080000, 0x00000000e0000000)
  object space 541184K, 48% used [0x00000000a0000000,0x00000000aff30d88,0x00000000c1080000)
 Metaspace       used 140404K, capacity 150328K, committed 155392K, reserved 1183744K
  class space    used 16935K, capacity 18866K, committed 20480K, reserved 1048576K
Event: 8842,971 GC heap after
Heap after GC invocations=159 (full 8):
 PSYoungGen      total 349696K, used 67167K [0x00000000e0000000, 0x00000000ffe00000, 0x0000000100000000)
  eden space 175104K, 0% used [0x00000000e0000000,0x00000000e0000000,0x00000000eab00000)
  from space 174592K, 38% used [0x00000000eab00000,0x00000000eec97c50,0x00000000f5580000)
  to   space 166912K, 0% used [0x00000000f5b00000,0x00000000f5b00000,0x00000000ffe00000)
 ParOldGen       total 541184K, used 261323K [0x00000000a0000000, 0x00000000c1080000, 0x00000000e0000000)
  object space 541184K, 48% used [0x00000000a0000000,0x00000000aff32d88,0x00000000c1080000)
 Metaspace       used 140404K, capacity 150328K, committed 155392K, reserved 1183744K
  class space    used 16935K, capacity 18866K, committed 20480K, reserved 1048576K
}
Event: 8844,976 GC heap before
{Heap before GC invocations=160 (full 8):
 PSYoungGen      total 349696K, used 242271K [0x00000000e0000000, 0x00000000ffe00000, 0x0000000100000000)
  eden space 175104K, 100% used [0x00000000e0000000,0x00000000eab00000,0x00000000eab00000)
  from space 174592K, 38% used [0x00000000eab00000,0x00000000eec97c50,0x00000000f5580000)
  to   space 166912K, 0% used [0x00000000f5b00000,0x00000000f5b00000,0x00000000ffe00000)
 ParOldGen       total 541184K, used 261323K [0x00000000a0000000, 0x00000000c1080000, 0x00000000e0000000)
  object space 541184K, 48% used [0x00000000a0000000,0x00000000aff32d88,0x00000000c1080000)
 Metaspace       used 140404K, capacity 150328K, committed 155392K, reserved 1183744K
  class space    used 16935K, capacity 18866K, committed 20480K, reserved 1048576K
Event: 8845,194 GC heap after
Heap after GC invocations=160 (full 8):
 PSYoungGen      total 331776K, used 77798K [0x00000000e0000000, 0x00000000fec80000, 0x0000000100000000)
  eden space 182784K, 0% used [0x00000000e0000000,0x00000000e0000000,0x00000000eb280000)
  from space 148992K, 52% used [0x00000000f5b00000,0x00000000fa6f9988,0x00000000fec80000)
  to   space 160768K, 0% used [0x00000000eb280000,0x00000000eb280000,0x00000000f4f80000)
 ParOldGen       total 541184K, used 310206K [0x00000000a0000000, 0x00000000c1080000, 0x00000000e0000000)
  object space 541184K, 57% used [0x00000000a0000000,0x00000000b2eefb40,0x00000000c1080000)
 Metaspace       used 140404K, capacity 150328K, committed 155392K, reserved 1183744K
  class space    used 16935K, capacity 18866K, committed 20480K, reserved 1048576K
}

