# JRE version: OpenJDK Runtime Environment (8.0_152-b06) (build 1.8.0_152-release-1136-b06)
# Java VM: OpenJDK 64-Bit Server VM (25.152-b06 mixed mode linux-amd64 compressed oops)
Heap:
 PSYoungGen      total 419328K, used 418943K [0x00000000e0000000, 0x00000000ffe80000, 0x0000000100000000)
  eden space 409088K, 100% used [0x00000000e0000000,0x00000000f8f80000,0x00000000f8f80000)
  from space 10240K, 96% used [0x00000000f8f80000,0x00000000f991fc88,0x00000000f9980000)
  to   space 56832K, 18% used [0x00000000fc700000,0x00000000fd147ef0,0x00000000ffe80000)
 ParOldGen       total 306176K, used 203764K [0x00000000a0000000, 0x00000000b2b00000, 0x00000000e0000000)
  object space 306176K, 66% used [0x00000000a0000000,0x00000000ac6fd030,0x00000000b2b00000)
 Metaspace       used 98270K, capacity 105126K, committed 105492K, reserved 1140736K
  class space    used 12212K, capacity 13659K, committed 13884K, reserved 1048576K
GC Heap History (10 events):
Event: 597,330 GC heap after
Heap after GC invocations=51 (full 4):
 PSYoungGen      total 432128K, used 16152K [0x00000000e0000000, 0x0000000100000000, 0x0000000100000000)
  eden space 415744K, 0% used [0x00000000e0000000,0x00000000e0000000,0x00000000f9600000)
  from space 16384K, 98% used [0x00000000f9600000,0x00000000fa5c60c8,0x00000000fa600000)
  to   space 54784K, 0% used [0x00000000fca80000,0x00000000fca80000,0x0000000100000000)
 ParOldGen       total 306176K, used 189899K [0x00000000a0000000, 0x00000000b2b00000, 0x00000000e0000000)
  object space 306176K, 62% used [0x00000000a0000000,0x00000000ab972ea8,0x00000000b2b00000)
 Metaspace       used 98187K, capacity 105062K, committed 105492K, reserved 1140736K
  class space    used 12211K, capacity 13659K, committed 13884K, reserved 1048576K
}
Event: 598,717 GC heap before
{Heap before GC invocations=52 (full 4):
 PSYoungGen      total 432128K, used 431896K [0x00000000e0000000, 0x0000000100000000, 0x0000000100000000)
  eden space 415744K, 100% used [0x00000000e0000000,0x00000000f9600000,0x00000000f9600000)
  from space 16384K, 98% used [0x00000000f9600000,0x00000000fa5c60c8,0x00000000fa600000)
  to   space 54784K, 0% used [0x00000000fca80000,0x00000000fca80000,0x0000000100000000)
 ParOldGen       total 306176K, used 189899K [0x00000000a0000000, 0x00000000b2b00000, 0x00000000e0000000)
  object space 306176K, 62% used [0x00000000a0000000,0x00000000ab972ea8,0x00000000b2b00000)
 Metaspace       used 98192K, capacity 105062K, committed 105492K, reserved 1140736K
  class space    used 12211K, capacity 13659K, committed 13884K, reserved 1048576K
Event: 598,769 GC heap after
Heap after GC invocations=52 (full 4):
 PSYoungGen      total 466432K, used 9859K [0x00000000e0000000, 0x0000000100000000, 0x0000000100000000)
  eden space 411648K, 0% used [0x00000000e0000000,0x00000000e0000000,0x00000000f9200000)
  from space 54784K, 17% used [0x00000000fca80000,0x00000000fd420c28,0x0000000100000000)
  to   space 56320K, 0% used [0x00000000f9200000,0x00000000f9200000,0x00000000fc900000)
 ParOldGen       total 306176K, used 194691K [0x00000000a0000000, 0x00000000b2b00000, 0x00000000e0000000)
  object space 306176K, 63% used [0x00000000a0000000,0x00000000abe20f30,0x00000000b2b00000)
 Metaspace       used 98192K, capacity 105062K, committed 105492K, reserved 1140736K
  class space    used 12211K, capacity 13659K, committed 13884K, reserved 1048576K
}
Event: 600,135 GC heap before
{Heap before GC invocations=53 (full 4):
 PSYoungGen      total 466432K, used 421507K [0x00000000e0000000, 0x0000000100000000, 0x0000000100000000)
  eden space 411648K, 100% used [0x00000000e0000000,0x00000000f9200000,0x00000000f9200000)
  from space 54784K, 17% used [0x00000000fca80000,0x00000000fd420c28,0x0000000100000000)
  to   space 56320K, 0% used [0x00000000f9200000,0x00000000f9200000,0x00000000fc900000)
 ParOldGen       total 306176K, used 194691K [0x00000000a0000000, 0x00000000b2b00000, 0x00000000e0000000)
  object space 306176K, 63% used [0x00000000a0000000,0x00000000abe20f30,0x00000000b2b00000)
 Metaspace       used 98213K, capacity 105062K, committed 105492K, reserved 1140736K
  class space    used 12212K, capacity 13659K, committed 13884K, reserved 1048576K
Event: 600,159 GC heap after
Heap after GC invocations=53 (full 4):
 PSYoungGen      total 416768K, used 5120K [0x00000000e0000000, 0x0000000100000000, 0x0000000100000000)
  eden space 411648K, 0% used [0x00000000e0000000,0x00000000e0000000,0x00000000f9200000)
  from space 5120K, 100% used [0x00000000f9200000,0x00000000f9700000,0x00000000f9700000)
  to   space 57856K, 0% used [0x00000000fc780000,0x00000000fc780000,0x0000000100000000)
 ParOldGen       total 306176K, used 195958K [0x00000000a0000000, 0x00000000b2b00000, 0x00000000e0000000)
  object space 306176K, 64% used [0x00000000a0000000,0x00000000abf5db70,0x00000000b2b00000)
 Metaspace       used 98213K, capacity 105062K, committed 105492K, reserved 1140736K
  class space    used 12212K, capacity 13659K, committed 13884K, reserved 1048576K
}
Event: 601,591 GC heap before
{Heap before GC invocations=54 (full 4):
 PSYoungGen      total 416768K, used 416768K [0x00000000e0000000, 0x0000000100000000, 0x0000000100000000)
  eden space 411648K, 100% used [0x00000000e0000000,0x00000000f9200000,0x00000000f9200000)
  from space 5120K, 100% used [0x00000000f9200000,0x00000000f9700000,0x00000000f9700000)
  to   space 57856K, 0% used [0x00000000fc780000,0x00000000fc780000,0x0000000100000000)
 ParOldGen       total 306176K, used 195958K [0x00000000a0000000, 0x00000000b2b00000, 0x00000000e0000000)
  object space 306176K, 64% used [0x00000000a0000000,0x00000000abf5db70,0x00000000b2b00000)
 Metaspace       used 98263K, capacity 105126K, committed 105492K, reserved 1140736K
  class space    used 12212K, capacity 13659K, committed 13884K, reserved 1048576K
Event: 601,629 GC heap after
Heap after GC invocations=54 (full 4):
 PSYoungGen      total 466944K, used 13396K [0x00000000e0000000, 0x0000000100000000, 0x0000000100000000)
  eden space 409088K, 0% used [0x00000000e0000000,0x00000000e0000000,0x00000000f8f80000)
  from space 57856K, 23% used [0x00000000fc780000,0x00000000fd495198,0x0000000100000000)
  to   space 57344K, 0% used [0x00000000f8f80000,0x00000000f8f80000,0x00000000fc780000)
 ParOldGen       total 306176K, used 196828K [0x00000000a0000000, 0x00000000b2b00000, 0x00000000e0000000)
  object space 306176K, 64% used [0x00000000a0000000,0x00000000ac0372a0,0x00000000b2b00000)
 Metaspace       used 98263K, capacity 105126K, committed 105492K, reserved 1140736K
  class space    used 12212K, capacity 13659K, committed 13884K, reserved 1048576K
}
Event: 603,060 GC heap before
{Heap before GC invocations=55 (full 4):
 PSYoungGen      total 466944K, used 422484K [0x00000000e0000000, 0x0000000100000000, 0x0000000100000000)
  eden space 409088K, 100% used [0x00000000e0000000,0x00000000f8f80000,0x00000000f8f80000)
  from space 57856K, 23% used [0x00000000fc780000,0x00000000fd495198,0x0000000100000000)
  to   space 57344K, 0% used [0x00000000f8f80000,0x00000000f8f80000,0x00000000fc780000)
 ParOldGen       total 306176K, used 197134K [0x00000000a0000000, 0x00000000b2b00000, 0x00000000e0000000)
  object space 306176K, 64% used [0x00000000a0000000,0x00000000ac083868,0x00000000b2b00000)
 Metaspace       used 98268K, capacity 105126K, committed 105492K, reserved 1140736K
  class space    used 12212K, capacity 13659K, committed 13884K, reserved 1048576K
Event: 603,095 GC heap after
Heap after GC invocations=55 (full 4):
 PSYoungGen      total 419328K, used 9855K [0x00000000e0000000, 0x00000000ffe80000, 0x0000000100000000)
  eden space 409088K, 0% used [0x00000000e0000000,0x00000000e0000000,0x00000000f8f80000)
  from space 10240K, 96% used [0x00000000f8f80000,0x00000000f991fc88,0x00000000f9980000)
  to   space 56832K, 0% used [0x00000000fc700000,0x00000000fc700000,0x00000000ffe80000)
 ParOldGen       total 306176K, used 198820K [0x00000000a0000000, 0x00000000b2b00000, 0x00000000e0000000)
  object space 306176K, 64% used [0x00000000a0000000,0x00000000ac229070,0x00000000b2b00000)
 Metaspace       used 98268K, capacity 105126K, committed 105492K, reserved 1140736K
  class space    used 12212K, capacity 13659K, committed 13884K, reserved 1048576K
}
Event: 604,820 GC heap before
{Heap before GC invocations=56 (full 4):
 PSYoungGen      total 419328K, used 418943K [0x00000000e0000000, 0x00000000ffe80000, 0x0000000100000000)
  eden space 409088K, 100% used [0x00000000e0000000,0x00000000f8f80000,0x00000000f8f80000)
  from space 10240K, 96% used [0x00000000f8f80000,0x00000000f991fc88,0x00000000f9980000)
  to   space 56832K, 0% used [0x00000000fc700000,0x00000000fc700000,0x00000000ffe80000)
 ParOldGen       total 306176K, used 198859K [0x00000000a0000000, 0x00000000b2b00000, 0x00000000e0000000)
  object space 306176K, 64% used [0x00000000a0000000,0x00000000ac232d78,0x00000000b2b00000)
 Metaspace       used 98270K, capacity 105126K, committed 105492K, reserved 1140736K
  class space    used 12212K, capacity 13659K, committed 13884K, reserved 1048576K

