# JRE version: Java(TM) SE Runtime Environment (8.0_201-b09) (build 1.8.0_201-b09)
# Java VM: Java HotSpot(TM) 64-Bit Server VM (25.201-b09 mixed mode linux-amd64 compressed oops)
Heap:
 PSYoungGen      total 349696K, used 31068K [0x00000000e0000000, 0x0000000100000000, 0x0000000100000000)
  eden space 175104K, 17% used [0x00000000e0000000,0x00000000e1e57288,0x00000000eab00000)
  from space 174592K, 0% used [0x00000000eab00000,0x00000000eab00000,0x00000000f5580000)
  to   space 174592K, 0% used [0x00000000f5580000,0x00000000f5580000,0x0000000100000000)
 ParOldGen       total 544768K, used 255428K [0x00000000a0000000, 0x00000000c1400000, 0x00000000e0000000)
  object space 544768K, 46% used [0x00000000a0000000,0x00000000af971108,0x00000000c1400000)
 Metaspace       used 85480K, capacity 88670K, committed 88960K, reserved 1126400K
  class space    used 10917K, capacity 11567K, committed 11648K, reserved 1048576K
GC Heap History (10 events):
Event: 795,398 GC heap before
{Heap before GC invocations=59 (full 7):
 PSYoungGen      total 409088K, used 409087K [0x00000000e0000000, 0x0000000100000000, 0x0000000100000000)
  eden space 310784K, 100% used [0x00000000e0000000,0x00000000f2f80000,0x00000000f2f80000)
  from space 98304K, 99% used [0x00000000f2f80000,0x00000000f8f7fc00,0x00000000f8f80000)
  to   space 115200K, 0% used [0x00000000f8f80000,0x00000000f8f80000,0x0000000100000000)
 ParOldGen       total 588288K, used 379995K [0x00000000a0000000, 0x00000000c3e80000, 0x00000000e0000000)
  object space 588288K, 64% used [0x00000000a0000000,0x00000000b7316f60,0x00000000c3e80000)
 Metaspace       used 85468K, capacity 88604K, committed 88704K, reserved 1126400K
  class space    used 10918K, capacity 11568K, committed 11648K, reserved 1048576K
Event: 795,807 GC heap after
Heap after GC invocations=59 (full 7):
 PSYoungGen      total 301568K, used 115173K [0x00000000e0000000, 0x0000000100000000, 0x0000000100000000)
  eden space 186368K, 0% used [0x00000000e0000000,0x00000000e0000000,0x00000000eb600000)
  from space 115200K, 99% used [0x00000000f8f80000,0x00000000ffff9490,0x0000000100000000)
  to   space 168960K, 0% used [0x00000000eb600000,0x00000000eb600000,0x00000000f5b00000)
 ParOldGen       total 588288K, used 439548K [0x00000000a0000000, 0x00000000c3e80000, 0x00000000e0000000)
  object space 588288K, 74% used [0x00000000a0000000,0x00000000bad3f2b8,0x00000000c3e80000)
 Metaspace       used 85468K, capacity 88604K, committed 88704K, reserved 1126400K
  class space    used 10918K, capacity 11568K, committed 11648K, reserved 1048576K
}
Event: 796,394 GC heap before
{Heap before GC invocations=60 (full 7):
 PSYoungGen      total 301568K, used 301541K [0x00000000e0000000, 0x0000000100000000, 0x0000000100000000)
  eden space 186368K, 100% used [0x00000000e0000000,0x00000000eb600000,0x00000000eb600000)
  from space 115200K, 99% used [0x00000000f8f80000,0x00000000ffff9490,0x0000000100000000)
  to   space 168960K, 0% used [0x00000000eb600000,0x00000000eb600000,0x00000000f5b00000)
 ParOldGen       total 588288K, used 439548K [0x00000000a0000000, 0x00000000c3e80000, 0x00000000e0000000)
  object space 588288K, 74% used [0x00000000a0000000,0x00000000bad3f2b8,0x00000000c3e80000)
 Metaspace       used 85469K, capacity 88604K, committed 88704K, reserved 1126400K
  class space    used 10918K, capacity 11568K, committed 11648K, reserved 1048576K
Event: 796,719 GC heap after
Heap after GC invocations=60 (full 7):
 PSYoungGen      total 310784K, used 124163K [0x00000000e0000000, 0x0000000100000000, 0x0000000100000000)
  eden space 186368K, 0% used [0x00000000e0000000,0x00000000e0000000,0x00000000eb600000)
  from space 124416K, 99% used [0x00000000eb600000,0x00000000f2f40ff8,0x00000000f2f80000)
  to   space 174592K, 0% used [0x00000000f5580000,0x00000000f5580000,0x0000000100000000)
 ParOldGen       total 588288K, used 449692K [0x00000000a0000000, 0x00000000c3e80000, 0x00000000e0000000)
  object space 588288K, 76% used [0x00000000a0000000,0x00000000bb727378,0x00000000c3e80000)
 Metaspace       used 85469K, capacity 88604K, committed 88704K, reserved 1126400K
  class space    used 10918K, capacity 11568K, committed 11648K, reserved 1048576K
}
Event: 798,579 GC heap before
{Heap before GC invocations=61 (full 7):
 PSYoungGen      total 310784K, used 310531K [0x00000000e0000000, 0x0000000100000000, 0x0000000100000000)
  eden space 186368K, 100% used [0x00000000e0000000,0x00000000eb600000,0x00000000eb600000)
  from space 124416K, 99% used [0x00000000eb600000,0x00000000f2f40ff8,0x00000000f2f80000)
  to   space 174592K, 0% used [0x00000000f5580000,0x00000000f5580000,0x0000000100000000)
 ParOldGen       total 588288K, used 449692K [0x00000000a0000000, 0x00000000c3e80000, 0x00000000e0000000)
  object space 588288K, 76% used [0x00000000a0000000,0x00000000bb727378,0x00000000c3e80000)
 Metaspace       used 85480K, capacity 88672K, committed 88960K, reserved 1126400K
  class space    used 10918K, capacity 11568K, committed 11648K, reserved 1048576K
Event: 799,005 GC heap after
Heap after GC invocations=61 (full 7):
 PSYoungGen      total 349696K, used 161888K [0x00000000e0000000, 0x0000000100000000, 0x0000000100000000)
  eden space 175104K, 0% used [0x00000000e0000000,0x00000000e0000000,0x00000000eab00000)
  from space 174592K, 92% used [0x00000000f5580000,0x00000000ff398080,0x0000000100000000)
  to   space 174592K, 0% used [0x00000000eab00000,0x00000000eab00000,0x00000000f5580000)
 ParOldGen       total 588288K, used 449740K [0x00000000a0000000, 0x00000000c3e80000, 0x00000000e0000000)
  object space 588288K, 76% used [0x00000000a0000000,0x00000000bb733378,0x00000000c3e80000)
 Metaspace       used 85480K, capacity 88672K, committed 88960K, reserved 1126400K
  class space    used 10918K, capacity 11568K, committed 11648K, reserved 1048576K
}
Event: 800,497 GC heap before
{Heap before GC invocations=62 (full 7):
 PSYoungGen      total 349696K, used 336992K [0x00000000e0000000, 0x0000000100000000, 0x0000000100000000)
  eden space 175104K, 100% used [0x00000000e0000000,0x00000000eab00000,0x00000000eab00000)
  from space 174592K, 92% used [0x00000000f5580000,0x00000000ff398080,0x0000000100000000)
  to   space 174592K, 0% used [0x00000000eab00000,0x00000000eab00000,0x00000000f5580000)
 ParOldGen       total 588288K, used 449740K [0x00000000a0000000, 0x00000000c3e80000, 0x00000000e0000000)
  object space 588288K, 76% used [0x00000000a0000000,0x00000000bb733378,0x00000000c3e80000)
 Metaspace       used 85482K, capacity 88676K, committed 88960K, reserved 1126400K
  class space    used 10918K, capacity 11568K, committed 11648K, reserved 1048576K
Event: 801,106 GC heap after
Heap after GC invocations=62 (full 7):
 PSYoungGen      total 349696K, used 158180K [0x00000000e0000000, 0x0000000100000000, 0x0000000100000000)
  eden space 175104K, 0% used [0x00000000e0000000,0x00000000e0000000,0x00000000eab00000)
  from space 174592K, 90% used [0x00000000eab00000,0x00000000f4579000,0x00000000f5580000)
  to   space 174592K, 0% used [0x00000000f5580000,0x00000000f5580000,0x0000000100000000)
 ParOldGen       total 588288K, used 517686K [0x00000000a0000000, 0x00000000c3e80000, 0x00000000e0000000)
  object space 588288K, 87% used [0x00000000a0000000,0x00000000bf98db20,0x00000000c3e80000)
 Metaspace       used 85482K, capacity 88676K, committed 88960K, reserved 1126400K
  class space    used 10918K, capacity 11568K, committed 11648K, reserved 1048576K
}
Event: 801,107 GC heap before
{Heap before GC invocations=63 (full 8):
 PSYoungGen      total 349696K, used 158180K [0x00000000e0000000, 0x0000000100000000, 0x0000000100000000)
  eden space 175104K, 0% used [0x00000000e0000000,0x00000000e0000000,0x00000000eab00000)
  from space 174592K, 90% used [0x00000000eab00000,0x00000000f4579000,0x00000000f5580000)
  to   space 174592K, 0% used [0x00000000f5580000,0x00000000f5580000,0x0000000100000000)
 ParOldGen       total 588288K, used 517686K [0x00000000a0000000, 0x00000000c3e80000, 0x00000000e0000000)
  object space 588288K, 87% used [0x00000000a0000000,0x00000000bf98db20,0x00000000c3e80000)
 Metaspace       used 85482K, capacity 88676K, committed 88960K, reserved 1126400K
  class space    used 10918K, capacity 11568K, committed 11648K, reserved 1048576K
Event: 803,804 GC heap after
Heap after GC invocations=63 (full 8):
 PSYoungGen      total 349696K, used 0K [0x00000000e0000000, 0x0000000100000000, 0x0000000100000000)
  eden space 175104K, 0% used [0x00000000e0000000,0x00000000e0000000,0x00000000eab00000)
  from space 174592K, 0% used [0x00000000eab00000,0x00000000eab00000,0x00000000f5580000)
  to   space 174592K, 0% used [0x00000000f5580000,0x00000000f5580000,0x0000000100000000)
 ParOldGen       total 544768K, used 255428K [0x00000000a0000000, 0x00000000c1400000, 0x00000000e0000000)
  object space 544768K, 46% used [0x00000000a0000000,0x00000000af971108,0x00000000c1400000)
 Metaspace       used 85480K, capacity 88670K, committed 88960K, reserved 1126400K
  class space    used 10917K, capacity 11567K, committed 11648K, reserved 1048576K
}

